<?xml version="1.0" encoding="UTF-8"?>
<coverage generated="1583677925270" clover="4.4.1">
   <project name="finmath-lib-cuda-extensions 4.1.2" timestamp="1583677105473">
      <metrics coveredelements="1975" complexity="1100" loc="7452" methods="438" classes="15" statements="2465" packages="5" coveredconditionals="504" coveredmethods="214" elements="3985" ncloc="5122" files="11" conditionals="1082" coveredstatements="1257"/>
      <package name="net.finmath.jcuda">
         <metrics coveredelements="27" complexity="6" loc="113" methods="1" classes="1" statements="30" coveredconditionals="4" coveredmethods="1" elements="39" ncloc="76" files="1" conditionals="8" coveredstatements="22"/>
         <file path="/Users/fries/Documents/Development/Repositories/finmath-lib-cuda-extensions/target/checkout/src/main/java/net/finmath/jcuda/JCudaUtils.java" name="JCudaUtils.java">
            <metrics coveredelements="27" coveredconditionals="4" complexity="6" loc="113" coveredmethods="1" methods="1" elements="39" classes="1" ncloc="76" statements="30" conditionals="8" coveredstatements="22"/>
            <class name="JCudaUtils">
               <metrics coveredelements="27" coveredconditionals="4" complexity="6" coveredmethods="1" methods="1" elements="39" statements="30" conditionals="8" coveredstatements="22"/>
            </class>
            <line complexity="6" visibility="public" signature="preparePtxFile(InputStream,String) : String" num="37" count="5" type="method"/>
            <line num="40" count="5" type="stmt"/>
            <line num="41" count="5" type="stmt"/>
            <line num="42" count="5" type="stmt"/>
            <line num="44" count="5" type="stmt"/>
            <line num="45" count="5" type="stmt"/>
            <line falsecount="5" truecount="0" num="45" type="cond"/>
            <line num="47" count="0" type="stmt"/>
            <line num="49" count="5" type="stmt"/>
            <line num="50" count="5" type="stmt"/>
            <line num="51" count="5" type="stmt"/>
            <line falsecount="5" truecount="0" num="51" type="cond"/>
            <line num="52" count="0" type="stmt"/>
            <line num="55" count="5" type="stmt"/>
            <line num="56" count="5" type="stmt"/>
            <line falsecount="5" truecount="0" num="56" type="cond"/>
            <line num="57" count="0" type="stmt"/>
            <line num="63" count="5" type="stmt"/>
            <line num="65" count="5" type="stmt"/>
            <line num="79" count="5" type="stmt"/>
            <line num="80" count="5" type="stmt"/>
            <line num="82" count="5" type="stmt"/>
            <line num="83" count="5" type="stmt"/>
            <line num="84" count="5" type="stmt"/>
            <line num="85" count="5" type="stmt"/>
            <line num="87" count="5" type="stmt"/>
            <line num="91" count="0" type="stmt"/>
            <line num="92" count="0" type="stmt"/>
            <line num="96" count="0" type="stmt"/>
            <line num="99" count="5" type="stmt"/>
            <line falsecount="5" truecount="0" num="99" type="cond"/>
            <line num="101" count="0" type="stmt"/>
            <line num="106" count="0" type="stmt"/>
            <line num="109" count="5" type="stmt"/>
            <line num="111" count="5" type="stmt"/>
         </file>
      </package>
      <package name="net.finmath.montecarlo.cuda">
         <metrics coveredelements="635" complexity="270" loc="1792" methods="113" classes="4" statements="619" coveredconditionals="144" coveredmethods="79" elements="978" ncloc="1251" files="2" conditionals="246" coveredstatements="412"/>
         <file path="/Users/fries/Documents/Development/Repositories/finmath-lib-cuda-extensions/target/checkout/src/main/java/net/finmath/montecarlo/cuda/RandomVariableCuda.java" name="RandomVariableCuda.java">
            <metrics coveredelements="629" coveredconditionals="144" complexity="267" loc="1757" coveredmethods="76" methods="110" elements="972" classes="3" ncloc="1233" statements="616" conditionals="246" coveredstatements="409"/>
            <class name="RandomVariableCuda">
               <metrics coveredelements="482" coveredconditionals="124" complexity="222" coveredmethods="55" methods="89" elements="790" statements="485" conditionals="216" coveredstatements="303"/>
            </class>
            <class name="RandomVariableCuda.DevicePointerReference">
               <metrics coveredelements="4" coveredconditionals="0" complexity="2" coveredmethods="2" methods="2" elements="4" statements="2" conditionals="0" coveredstatements="2"/>
            </class>
            <class name="RandomVariableCuda.DeviceMemoryPool">
               <metrics coveredelements="143" coveredconditionals="20" complexity="43" coveredmethods="19" methods="19" elements="178" statements="129" conditionals="30" coveredstatements="104"/>
            </class>
            <line complexity="1" visibility="public" signature="DevicePointerReference(CUdeviceptr)" num="83" count="6547386" type="method"/>
            <line num="84" count="6547386" type="stmt"/>
            <line complexity="1" visibility="public" signature="get() : CUdeviceptr" num="87" count="18181114" type="method"/>
            <line num="88" count="18181116" type="stmt"/>
            <line complexity="18" visibility="public" signature="getDevicePointer(long) : DevicePointerReference" num="153" count="6547386" type="method"/>
            <line num="154" count="6547386" type="stmt"/>
            <line falsecount="6547386" truecount="0" num="154" type="cond"/>
            <line num="155" count="0" type="stmt"/>
            <line num="156" count="0" type="stmt"/>
            <line num="157" count="0" type="stmt"/>
            <line num="158" count="0" type="stmt"/>
            <line num="159" count="0" type="stmt"/>
            <line num="161" count="0" type="stmt"/>
            <line num="162" count="0" type="stmt"/>
            <line num="165" count="6547386" type="stmt"/>
            <line num="168" count="6547386" type="stmt"/>
            <line num="169" count="108" type="stmt"/>
            <line num="170" count="108" type="stmt"/>
            <line num="173" count="6547386" type="stmt"/>
            <line num="174" count="6547386" type="stmt"/>
            <line falsecount="11820" truecount="6535566" num="174" type="cond"/>
            <line num="175" count="6535566" type="stmt"/>
            <line num="176" count="6535566" type="stmt"/>
            <line falsecount="6535566" truecount="0" num="176" type="cond"/>
            <line num="177" count="0" type="stmt"/>
            <line num="181" count="11820" type="stmt"/>
            <line num="184" count="11820" type="stmt"/>
            <line falsecount="9469" truecount="2351" num="184" type="cond"/>
            <line num="185" count="2351" type="stmt"/>
            <line num="186" count="2351" type="stmt"/>
            <line num="188" count="2351" type="stmt"/>
            <line falsecount="2351" truecount="0" num="188" type="cond"/>
            <line num="189" count="0" type="stmt"/>
            <line num="192" count="2351" type="stmt"/>
            <line num="196" count="11820" type="stmt"/>
            <line falsecount="11819" truecount="1" num="196" type="cond"/>
            <line num="200" count="1" type="stmt"/>
            <line num="202" count="1" type="stmt"/>
            <line num="203" count="1" type="stmt"/>
            <line falsecount="1" truecount="5" num="203" type="cond"/>
            <line num="204" count="5" type="stmt"/>
            <line num="205" count="5" type="stmt"/>
            <line num="206" count="5" type="stmt"/>
            <line num="210" count="1" type="stmt"/>
            <line falsecount="0" truecount="1" num="210" type="cond"/>
            <line num="212" count="1" type="stmt"/>
            <line num="213" count="1" type="stmt"/>
            <line num="217" count="11820" type="stmt"/>
            <line falsecount="9547" truecount="2273" num="217" type="cond"/>
            <line num="218" count="2273" type="stmt"/>
            <line falsecount="2273" truecount="0" num="218" type="cond"/>
            <line num="219" count="0" type="stmt"/>
            <line num="221" count="2273" type="stmt"/>
            <line num="225" count="6547386" type="stmt"/>
            <line falsecount="6537839" truecount="9547" num="225" type="cond"/>
            <line num="227" count="9547" type="stmt"/>
            <line num="228" count="9547" type="stmt"/>
            <line complexity="2" visibility="public" signature="call() : CUdeviceptr" num="229" count="9547" type="method"/>
            <line num="231" count="9547" type="stmt"/>
            <line num="232" count="9547" type="stmt"/>
            <line num="233" count="9547" type="stmt"/>
            <line falsecount="9547" truecount="0" num="233" type="cond"/>
            <line num="234" count="0" type="stmt"/>
            <line num="235" count="0" type="stmt"/>
            <line num="236" count="0" type="stmt"/>
            <line num="237" count="0" type="stmt"/>
            <line num="238" count="0" type="stmt"/>
            <line num="240" count="0" type="stmt"/>
            <line num="242" count="9547" type="stmt"/>
            <line num="245" count="0" type="stmt"/>
            <line num="248" count="9547" type="stmt"/>
            <line falsecount="9547" truecount="0" num="248" type="cond"/>
            <line num="249" count="0" type="stmt"/>
            <line num="250" count="0" type="stmt"/>
            <line num="253" count="9547" type="stmt"/>
            <line num="259" count="6547386" type="stmt"/>
            <line num="260" count="6547386" type="stmt"/>
            <line num="262" count="6547386" type="stmt"/>
            <line complexity="4" visibility="public" signature="clean() : void" num="268" count="29" type="method"/>
            <line num="269" count="29" type="stmt"/>
            <line num="271" count="29" type="stmt"/>
            <line num="272" count="201" type="stmt"/>
            <line num="273" count="201" type="stmt"/>
            <line num="275" count="201" type="stmt"/>
            <line num="276" count="201" type="stmt"/>
            <line falsecount="0" truecount="0" num="276" type="cond"/>
            <line num="277" count="9447" type="stmt"/>
            <line num="278" count="9447" type="stmt"/>
            <line falsecount="9447" truecount="0" num="278" type="cond"/>
            <line num="279" count="0" type="stmt"/>
            <line num="281" count="9447" type="stmt"/>
            <line num="282" count="9447" type="stmt"/>
            <line complexity="1" visibility="public" signature="run() : void" num="283" count="9447" type="method"/>
            <line num="285" count="9447" type="stmt"/>
            <line num="286" count="9447" type="stmt"/>
            <line num="289" count="0" type="stmt"/>
            <line num="290" count="0" type="stmt"/>
            <line num="292" count="9447" type="stmt"/>
            <line complexity="1" visibility="public" signature="purge() : void" num="298" count="30" type="method"/>
            <line num="299" count="30" type="stmt"/>
            <line num="300" count="30" type="stmt"/>
            <line num="301" count="29" type="stmt"/>
            <line num="302" count="28" type="stmt"/>
            <line complexity="2" visibility="private" signature="getDeviceFreeMemPercentage() : float" num="309" count="11848" type="method"/>
            <line num="310" count="11848" type="stmt"/>
            <line num="311" count="11848" type="stmt"/>
            <line complexity="1" visibility="public" signature="call() : Float" num="312" count="11848" type="method"/>
            <line num="312" count="11848" type="stmt"/>
            <line num="314" count="11848" type="stmt"/>
            <line num="315" count="11847" type="stmt"/>
            <line num="316" count="11847" type="stmt"/>
            <line num="317" count="11847" type="stmt"/>
            <line num="318" count="11847" type="stmt"/>
            <line num="321" count="0" type="stmt"/>
            <line num="324" count="11847" type="stmt"/>
            <line complexity="2" visibility="public" signature="getDevicePointer(float[]) : DevicePointerReference" num="333" count="433" type="method"/>
            <line num="334" count="433" type="stmt"/>
            <line num="335" count="433" type="stmt"/>
            <line complexity="1" visibility="public" signature="run() : void" num="336" count="433" type="method"/>
            <line num="336" count="433" type="stmt"/>
            <line num="338" count="433" type="stmt"/>
            <line num="339" count="433" type="stmt"/>
            <line num="341" count="0" type="stmt"/>
            <line num="343" count="433" type="stmt"/>
            <line complexity="2" visibility="public" signature="getValuesAsFloat(DevicePointerReference,int) : float[]" num="346" count="3084" type="method"/>
            <line num="347" count="3084" type="stmt"/>
            <line num="348" count="3084" type="stmt"/>
            <line complexity="1" visibility="public" signature="run() : void" num="349" count="3086" type="method"/>
            <line num="349" count="3085" type="stmt"/>
            <line num="351" count="3086" type="stmt"/>
            <line num="352" count="3086" type="stmt"/>
            <line num="353" count="3086" type="stmt"/>
            <line num="356" count="0" type="stmt"/>
            <line num="358" count="3086" type="stmt"/>
            <line complexity="1" visibility="public" signature="callFunctionv1s0(CUfunction,long,DevicePointerReference) : DevicePointerReference" num="361" count="12842" type="method"/>
            <line num="362" count="12842" type="stmt"/>
            <line num="363" count="12844" type="stmt"/>
            <line num="364" count="12844" type="stmt"/>
            <line num="369" count="12844" type="stmt"/>
            <line complexity="1" visibility="public" signature="callFunctionv2s0(CUfunction,long,DevicePointerReference,DevicePointerReference) : DevicePointerReference" num="373" count="2744658" type="method"/>
            <line num="374" count="2744669" type="stmt"/>
            <line num="375" count="2744703" type="stmt"/>
            <line num="376" count="2744703" type="stmt"/>
            <line num="382" count="2744703" type="stmt"/>
            <line complexity="1" visibility="public" signature="callFunctionv3s0(CUfunction,long,DevicePointerReference,DevicePointerReference,DevicePointerReference) : DevicePointerReference" num="386" count="1067042" type="method"/>
            <line num="387" count="1067039" type="stmt"/>
            <line num="388" count="1067045" type="stmt"/>
            <line num="389" count="1067045" type="stmt"/>
            <line num="396" count="1067045" type="stmt"/>
            <line complexity="1" visibility="public" signature="callFunctionv1s1(CUfunction,long,DevicePointerReference,double) : DevicePointerReference" num="400" count="2510165" type="method"/>
            <line num="401" count="2511208" type="stmt"/>
            <line num="402" count="2512962" type="stmt"/>
            <line num="403" count="2512962" type="stmt"/>
            <line num="409" count="2512962" type="stmt"/>
            <line complexity="1" visibility="public" signature="callFunctionv2s1(CUfunction,long,DevicePointerReference,DevicePointerReference,double) : DevicePointerReference" num="413" count="207139" type="method"/>
            <line num="414" count="207140" type="stmt"/>
            <line num="415" count="207149" type="stmt"/>
            <line num="416" count="207149" type="stmt"/>
            <line num="423" count="207149" type="stmt"/>
            <line complexity="1" visibility="public" signature="callFunction(CUfunction,long,Pointer[]) : void" num="427" count="6544703" type="method"/>
            <line num="428" count="6544703" type="stmt"/>
            <line num="429" count="6544703" type="stmt"/>
            <line complexity="1" visibility="public" signature="callFunction(CUfunction,Pointer[],int,int,int) : void" num="432" count="6544703" type="method"/>
            <line num="435" count="6544703" type="stmt"/>
            <line complexity="1" visibility="public" signature="run() : void" num="437" count="6544703" type="method"/>
            <line num="437" count="6544703" type="stmt"/>
            <line num="441" count="6544703" type="stmt"/>
            <line complexity="5" visibility="package" signature="&lt;clinit&gt;, line 506()" num="506" count="5" type="method"/>
            <line num="507" count="5" type="stmt"/>
            <line num="509" count="5" type="stmt"/>
            <line num="510" count="5" type="stmt"/>
            <line num="513" count="5" type="stmt"/>
            <line num="514" count="5" type="stmt"/>
            <line num="519" count="5" type="stmt"/>
            <line num="520" count="5" type="stmt"/>
            <line num="521" count="5" type="stmt"/>
            <line num="522" count="5" type="stmt"/>
            <line num="523" count="5" type="stmt"/>
            <line falsecount="0" truecount="5" num="523" type="cond"/>
            <line num="524" count="5" type="stmt"/>
            <line num="527" count="0" type="stmt"/>
            <line num="533" count="5" type="stmt"/>
            <line num="536" count="5" type="stmt"/>
            <line num="537" count="5" type="stmt"/>
            <line num="537" count="5" type="stmt"/>
            <line num="538" count="5" type="stmt"/>
            <line num="540" count="0" type="stmt"/>
            <line num="543" count="5" type="stmt"/>
            <line complexity="1" visibility="public" signature="run() : void" num="544" count="5" type="method"/>
            <line num="544" count="5" type="stmt"/>
            <line num="547" count="5" type="stmt"/>
            <line num="550" count="5" type="stmt"/>
            <line num="553" count="5" type="stmt"/>
            <line num="554" count="5" type="stmt"/>
            <line num="555" count="5" type="stmt"/>
            <line num="556" count="5" type="stmt"/>
            <line num="557" count="5" type="stmt"/>
            <line num="558" count="5" type="stmt"/>
            <line num="559" count="5" type="stmt"/>
            <line num="560" count="5" type="stmt"/>
            <line num="561" count="5" type="stmt"/>
            <line num="562" count="5" type="stmt"/>
            <line num="563" count="5" type="stmt"/>
            <line num="564" count="5" type="stmt"/>
            <line num="565" count="5" type="stmt"/>
            <line num="566" count="5" type="stmt"/>
            <line num="567" count="5" type="stmt"/>
            <line num="568" count="5" type="stmt"/>
            <line num="569" count="5" type="stmt"/>
            <line num="570" count="5" type="stmt"/>
            <line num="571" count="5" type="stmt"/>
            <line num="572" count="5" type="stmt"/>
            <line num="573" count="5" type="stmt"/>
            <line num="574" count="5" type="stmt"/>
            <line num="575" count="5" type="stmt"/>
            <line num="576" count="5" type="stmt"/>
            <line num="577" count="5" type="stmt"/>
            <line num="578" count="5" type="stmt"/>
            <line num="581" count="5" type="stmt"/>
            <line num="582" count="5" type="stmt"/>
            <line num="583" count="5" type="stmt"/>
            <line num="584" count="5" type="stmt"/>
            <line num="585" count="5" type="stmt"/>
            <line num="587" count="5" type="stmt"/>
            <line complexity="2" visibility="public" signature="run() : void" num="588" count="4" type="method"/>
            <line num="590" count="4" type="stmt"/>
            <line num="591" count="1" type="stmt"/>
            <line num="592" count="1" type="stmt"/>
            <line num="593" count="1" type="stmt"/>
            <line num="596" count="0" type="stmt"/>
            <line complexity="1" visibility="public" signature="of(double,DevicePointerReference,long,int) : RandomVariableCuda" num="613" count="0" type="method"/>
            <line num="614" count="0" type="stmt"/>
            <line num="615" count="0" type="stmt"/>
            <line complexity="1" visibility="public" signature="of(double,DevicePointerReference,long) : RandomVariableCuda" num="626" count="6546844" type="method"/>
            <line num="627" count="6546854" type="stmt"/>
            <line num="628" count="6546562" type="stmt"/>
            <line complexity="1" visibility="public" signature="of(double,double) : RandomVariableCuda" num="638" count="278717" type="method"/>
            <line num="639" count="278685" type="stmt"/>
            <line num="640" count="278279" type="stmt"/>
            <line complexity="1" visibility="private" signature="RandomVariableCuda(double,DevicePointerReference,long,int)" num="649" count="6546830" type="method"/>
            <line num="650" count="6546834" type="stmt"/>
            <line num="651" count="6546847" type="stmt"/>
            <line num="652" count="6546924" type="stmt"/>
            <line num="653" count="6546899" type="stmt"/>
            <line num="654" count="6546968" type="stmt"/>
            <line complexity="1" visibility="public" signature="RandomVariableCuda(double)" num="662" count="394" type="method"/>
            <line num="663" count="394" type="stmt"/>
            <line complexity="1" visibility="public" signature="RandomVariableCuda(double,double,int)" num="673" count="422207" type="method"/>
            <line num="674" count="422356" type="stmt"/>
            <line num="675" count="422335" type="stmt"/>
            <line num="676" count="422474" type="stmt"/>
            <line num="677" count="422386" type="stmt"/>
            <line num="678" count="422237" type="stmt"/>
            <line complexity="1" visibility="public" signature="RandomVariableCuda(double,float[],int)" num="688" count="0" type="method"/>
            <line num="689" count="0" type="stmt"/>
            <line complexity="1" visibility="public" signature="RandomVariableCuda(double,double)" num="698" count="143961" type="method"/>
            <line num="699" count="143961" type="stmt"/>
            <line complexity="1" visibility="public" signature="RandomVariableCuda(double,float[])" num="708" count="433" type="method"/>
            <line num="709" count="433" type="stmt"/>
            <line complexity="1" visibility="public" signature="RandomVariableCuda(double,double[])" num="718" count="433" type="method"/>
            <line num="719" count="433" type="stmt"/>
            <line complexity="1" visibility="public" signature="RandomVariableCuda(float[])" num="727" count="0" type="method"/>
            <line num="728" count="0" type="stmt"/>
            <line complexity="1" visibility="public" signature="getDevicePointer(long) : DevicePointerReference" num="732" count="2250" type="method"/>
            <line num="733" count="2250" type="stmt"/>
            <line complexity="1" visibility="private" signature="getDevicePointer(float[]) : DevicePointerReference" num="742" count="433" type="method"/>
            <line num="743" count="433" type="stmt"/>
            <line complexity="1" visibility="public" signature="clean() : void" num="746" count="0" type="method"/>
            <line num="747" count="0" type="stmt"/>
            <line complexity="1" visibility="public" signature="purge() : void" num="750" count="26" type="method"/>
            <line num="751" count="26" type="stmt"/>
            <line complexity="2" visibility="private" signature="getRandomVariableCuda(RandomVariable) : RandomVariableCuda" num="754" count="5362257" type="method"/>
            <line num="755" count="5362284" type="stmt"/>
            <line falsecount="0" truecount="5362288" num="755" type="cond"/>
            <line num="756" count="5362296" type="stmt"/>
            <line num="758" count="0" type="stmt"/>
            <line num="759" count="0" type="stmt"/>
            <line complexity="2" visibility="private" signature="getFloatArray(double[]) : float[]" num="763" count="433" type="method"/>
            <line num="764" count="433" type="stmt"/>
            <line num="765" count="433" type="stmt"/>
            <line falsecount="433" truecount="128470823" num="765" type="cond"/>
            <line num="766" count="128470823" type="stmt"/>
            <line num="768" count="433" type="stmt"/>
            <line complexity="2" visibility="private" signature="getDoubleArray(float[]) : double[]" num="771" count="63" type="method"/>
            <line num="772" count="63" type="stmt"/>
            <line num="773" count="63" type="stmt"/>
            <line falsecount="63" truecount="5900020" num="773" type="cond"/>
            <line num="774" count="5900020" type="stmt"/>
            <line num="776" count="63" type="stmt"/>
            <line complexity="1" visibility="public" signature="equals(RandomVariable) : boolean" num="779" count="0" type="method"/>
            <line num="781" count="0" type="stmt"/>
            <line complexity="1" visibility="public" signature="getFiltrationTime() : double" num="796" count="5902563" type="method"/>
            <line num="798" count="5902857" type="stmt"/>
            <line complexity="1" visibility="public" signature="getTypePriority() : int" num="801" count="12313880" type="method"/>
            <line num="803" count="12316708" type="stmt"/>
            <line complexity="2" visibility="public" signature="get(int) : double" num="806" count="0" type="method"/>
            <line num="808" count="0" type="stmt"/>
            <line falsecount="0" truecount="0" num="808" type="cond"/>
            <line num="809" count="0" type="stmt"/>
            <line num="811" count="0" type="stmt"/>
            <line complexity="2" visibility="public" signature="size() : int" num="815" count="6550606" type="method"/>
            <line num="817" count="6550684" type="stmt"/>
            <line falsecount="6550733" truecount="0" num="817" type="cond"/>
            <line num="818" count="0" type="stmt"/>
            <line num="820" count="6550888" type="stmt"/>
            <line complexity="4" visibility="public" signature="getMin() : double" num="824" count="0" type="method"/>
            <line num="826" count="0" type="stmt"/>
            <line falsecount="0" truecount="0" num="826" type="cond"/>
            <line num="827" count="0" type="stmt"/>
            <line num="830" count="0" type="stmt"/>
            <line num="833" count="0" type="stmt"/>
            <line num="834" count="0" type="stmt"/>
            <line falsecount="0" truecount="0" num="834" type="cond"/>
            <line num="836" count="0" type="stmt"/>
            <line num="838" count="0" type="stmt"/>
            <line falsecount="0" truecount="0" num="838" type="cond"/>
            <line num="839" count="0" type="stmt"/>
            <line num="841" count="0" type="stmt"/>
            <line complexity="4" visibility="public" signature="getMax() : double" num="844" count="0" type="method"/>
            <line num="846" count="0" type="stmt"/>
            <line falsecount="0" truecount="0" num="846" type="cond"/>
            <line num="847" count="0" type="stmt"/>
            <line num="850" count="0" type="stmt"/>
            <line num="853" count="0" type="stmt"/>
            <line num="854" count="0" type="stmt"/>
            <line falsecount="0" truecount="0" num="854" type="cond"/>
            <line num="855" count="0" type="stmt"/>
            <line num="857" count="0" type="stmt"/>
            <line falsecount="0" truecount="0" num="857" type="cond"/>
            <line num="858" count="0" type="stmt"/>
            <line num="860" count="0" type="stmt"/>
            <line complexity="3" visibility="public" signature="getAverage() : double" num="863" count="5424" type="method"/>
            <line num="865" count="5425" type="stmt"/>
            <line falsecount="3020" truecount="2403" num="865" type="cond"/>
            <line num="866" count="2403" type="stmt"/>
            <line num="868" count="3020" type="stmt"/>
            <line falsecount="3020" truecount="0" num="868" type="cond"/>
            <line num="869" count="0" type="stmt"/>
            <line num="873" count="3021" type="stmt"/>
            <line complexity="1" visibility="public" signature="getAverage(RandomVariable) : double" num="880" count="2" type="method"/>
            <line num="882" count="2" type="stmt"/>
            <line complexity="3" visibility="public" signature="getVariance() : double" num="885" count="208" type="method"/>
            <line num="887" count="208" type="stmt"/>
            <line falsecount="207" truecount="1" num="887" type="cond"/>
            <line num="888" count="1" type="stmt"/>
            <line num="890" count="207" type="stmt"/>
            <line falsecount="207" truecount="0" num="890" type="cond"/>
            <line num="891" count="0" type="stmt"/>
            <line num="894" count="207" type="stmt"/>
            <line num="895" count="207" type="stmt"/>
            <line complexity="1" visibility="public" signature="getVariance(RandomVariable) : double" num="898" count="0" type="method"/>
            <line num="900" count="0" type="stmt"/>
            <line num="901" count="0" type="stmt"/>
            <line complexity="4" visibility="public" signature="getSampleVariance() : double" num="904" count="0" type="method"/>
            <line num="906" count="0" type="stmt"/>
            <line falsecount="0" truecount="0" num="906" type="cond"/>
            <line num="907" count="0" type="stmt"/>
            <line num="909" count="0" type="stmt"/>
            <line falsecount="0" truecount="0" num="909" type="cond"/>
            <line num="910" count="0" type="stmt"/>
            <line num="913" count="0" type="stmt"/>
            <line complexity="3" visibility="public" signature="getStandardDeviation() : double" num="916" count="1" type="method"/>
            <line num="918" count="1" type="stmt"/>
            <line falsecount="1" truecount="0" num="918" type="cond"/>
            <line num="919" count="0" type="stmt"/>
            <line num="921" count="1" type="stmt"/>
            <line falsecount="1" truecount="0" num="921" type="cond"/>
            <line num="922" count="0" type="stmt"/>
            <line num="925" count="1" type="stmt"/>
            <line complexity="3" visibility="public" signature="getStandardDeviation(RandomVariable) : double" num="928" count="0" type="method"/>
            <line num="930" count="0" type="stmt"/>
            <line falsecount="0" truecount="0" num="930" type="cond"/>
            <line num="931" count="0" type="stmt"/>
            <line num="933" count="0" type="stmt"/>
            <line falsecount="0" truecount="0" num="933" type="cond"/>
            <line num="934" count="0" type="stmt"/>
            <line num="937" count="0" type="stmt"/>
            <line complexity="3" visibility="public" signature="getStandardError() : double" num="940" count="0" type="method"/>
            <line num="942" count="0" type="stmt"/>
            <line falsecount="0" truecount="0" num="942" type="cond"/>
            <line num="943" count="0" type="stmt"/>
            <line num="945" count="0" type="stmt"/>
            <line falsecount="0" truecount="0" num="945" type="cond"/>
            <line num="946" count="0" type="stmt"/>
            <line num="949" count="0" type="stmt"/>
            <line complexity="3" visibility="public" signature="getStandardError(RandomVariable) : double" num="952" count="0" type="method"/>
            <line num="954" count="0" type="stmt"/>
            <line falsecount="0" truecount="0" num="954" type="cond"/>
            <line num="955" count="0" type="stmt"/>
            <line num="957" count="0" type="stmt"/>
            <line falsecount="0" truecount="0" num="957" type="cond"/>
            <line num="958" count="0" type="stmt"/>
            <line num="961" count="0" type="stmt"/>
            <line complexity="3" visibility="public" signature="getQuantile(double) : double" num="964" count="0" type="method"/>
            <line num="966" count="0" type="stmt"/>
            <line falsecount="0" truecount="0" num="966" type="cond"/>
            <line num="967" count="0" type="stmt"/>
            <line num="969" count="0" type="stmt"/>
            <line falsecount="0" truecount="0" num="969" type="cond"/>
            <line num="970" count="0" type="stmt"/>
            <line num="973" count="0" type="stmt"/>
            <line num="975" count="0" type="stmt"/>
            <line num="976" count="0" type="stmt"/>
            <line num="978" count="0" type="stmt"/>
            <line num="980" count="0" type="stmt"/>
            <line complexity="3" visibility="public" signature="getQuantile(double,RandomVariable) : double" num="983" count="0" type="method"/>
            <line num="985" count="0" type="stmt"/>
            <line falsecount="0" truecount="0" num="985" type="cond"/>
            <line num="986" count="0" type="stmt"/>
            <line num="988" count="0" type="stmt"/>
            <line falsecount="0" truecount="0" num="988" type="cond"/>
            <line num="989" count="0" type="stmt"/>
            <line num="992" count="0" type="stmt"/>
            <line complexity="5" visibility="public" signature="getQuantileExpectation(double,double) : double" num="995" count="0" type="method"/>
            <line num="997" count="0" type="stmt"/>
            <line falsecount="0" truecount="0" num="997" type="cond"/>
            <line num="998" count="0" type="stmt"/>
            <line num="1000" count="0" type="stmt"/>
            <line falsecount="0" truecount="0" num="1000" type="cond"/>
            <line num="1001" count="0" type="stmt"/>
            <line num="1003" count="0" type="stmt"/>
            <line falsecount="0" truecount="0" num="1003" type="cond"/>
            <line num="1004" count="0" type="stmt"/>
            <line num="1007" count="0" type="stmt"/>
            <line num="1008" count="0" type="stmt"/>
            <line num="1010" count="0" type="stmt"/>
            <line num="1011" count="0" type="stmt"/>
            <line num="1013" count="0" type="stmt"/>
            <line num="1014" count="0" type="stmt"/>
            <line falsecount="0" truecount="0" num="1014" type="cond"/>
            <line num="1015" count="0" type="stmt"/>
            <line num="1017" count="0" type="stmt"/>
            <line num="1019" count="0" type="stmt"/>
            <line complexity="9" visibility="public" signature="getHistogram(double[]) : double[]" num="1022" count="0" type="method"/>
            <line num="1025" count="0" type="stmt"/>
            <line num="1027" count="0" type="stmt"/>
            <line falsecount="0" truecount="0" num="1027" type="cond"/>
            <line num="1028" count="0" type="stmt"/>
            <line num="1029" count="0" type="stmt"/>
            <line falsecount="0" truecount="0" num="1029" type="cond"/>
            <line num="1031" count="0" type="stmt"/>
            <line falsecount="0" truecount="0" num="1031" type="cond"/>
            <line num="1032" count="0" type="stmt"/>
            <line num="1033" count="0" type="stmt"/>
            <line num="1036" count="0" type="stmt"/>
            <line num="1039" count="0" type="stmt"/>
            <line num="1040" count="0" type="stmt"/>
            <line num="1042" count="0" type="stmt"/>
            <line num="1043" count="0" type="stmt"/>
            <line falsecount="0" truecount="0" num="1043" type="cond"/>
            <line num="1045" count="0" type="stmt"/>
            <line num="1046" count="0" type="stmt"/>
            <line falsecount="0" truecount="0" num="1046" type="cond"/>
            <line num="1049" count="0" type="stmt"/>
            <line num="1050" count="0" type="stmt"/>
            <line num="1052" count="0" type="stmt"/>
            <line num="1054" count="0" type="stmt"/>
            <line num="1057" count="0" type="stmt"/>
            <line falsecount="0" truecount="0" num="1057" type="cond"/>
            <line num="1058" count="0" type="stmt"/>
            <line falsecount="0" truecount="0" num="1058" type="cond"/>
            <line num="1059" count="0" type="stmt"/>
            <line num="1064" count="0" type="stmt"/>
            <line complexity="2" visibility="public" signature="getHistogram(int,double) : double[][]" num="1067" count="0" type="method"/>
            <line num="1069" count="0" type="stmt"/>
            <line num="1070" count="0" type="stmt"/>
            <line num="1071" count="0" type="stmt"/>
            <line num="1072" count="0" type="stmt"/>
            <line num="1073" count="0" type="stmt"/>
            <line num="1074" count="0" type="stmt"/>
            <line falsecount="0" truecount="0" num="1074" type="cond"/>
            <line num="1075" count="0" type="stmt"/>
            <line num="1076" count="0" type="stmt"/>
            <line num="1077" count="0" type="stmt"/>
            <line num="1079" count="0" type="stmt"/>
            <line num="1081" count="0" type="stmt"/>
            <line num="1082" count="0" type="stmt"/>
            <line num="1083" count="0" type="stmt"/>
            <line num="1085" count="0" type="stmt"/>
            <line complexity="1" visibility="public" signature="isDeterministic() : boolean" num="1088" count="28548672" type="method"/>
            <line num="1090" count="28555424" type="stmt"/>
            <line complexity="1" visibility="public" signature="cache() : RandomVariable" num="1093" count="131285" type="method"/>
            <line num="1095" count="131291" type="stmt"/>
            <line complexity="2" visibility="public" signature="getRealizations() : double[]" num="1109" count="88" type="method"/>
            <line num="1111" count="88" type="stmt"/>
            <line falsecount="63" truecount="25" num="1111" type="cond"/>
            <line num="1112" count="25" type="stmt"/>
            <line num="1113" count="25" type="stmt"/>
            <line num="1115" count="63" type="stmt"/>
            <line complexity="2" visibility="public" signature="doubleValue() : Double" num="1119" count="250128" type="method"/>
            <line num="1121" count="250098" type="stmt"/>
            <line falsecount="0" truecount="250030" num="1121" type="cond"/>
            <line num="1122" count="250270" type="stmt"/>
            <line num="1124" count="0" type="stmt"/>
            <line complexity="1" visibility="public" signature="getOperator() : IntToDoubleFunction" num="1128" count="0" type="method"/>
            <line num="1131" count="0" type="stmt"/>
            <line complexity="1" visibility="public" signature="getRealizationsStream() : DoubleStream" num="1134" count="0" type="method"/>
            <line num="1137" count="0" type="stmt"/>
            <line complexity="1" visibility="public" signature="apply(DoubleUnaryOperator) : RandomVariable" num="1140" count="0" type="method"/>
            <line num="1142" count="0" type="stmt"/>
            <line complexity="1" visibility="public" signature="apply(DoubleBinaryOperator,RandomVariable) : RandomVariable" num="1156" count="0" type="method"/>
            <line num="1158" count="0" type="stmt"/>
            <line complexity="1" visibility="public" signature="apply(DoubleTernaryOperator,RandomVariable,RandomVariable) : RandomVariable" num="1161" count="0" type="method"/>
            <line num="1163" count="0" type="stmt"/>
            <line complexity="2" visibility="public" signature="cap(double) : RandomVariable" num="1166" count="131202" type="method"/>
            <line num="1168" count="131203" type="stmt"/>
            <line falsecount="124801" truecount="6401" num="1168" type="cond"/>
            <line num="1169" count="6401" type="stmt"/>
            <line num="1170" count="6401" type="stmt"/>
            <line num="1173" count="124801" type="stmt"/>
            <line num="1174" count="124800" type="stmt"/>
            <line complexity="2" visibility="public" signature="floor(double) : RandomVariable" num="1178" count="2404" type="method"/>
            <line num="1180" count="2404" type="stmt"/>
            <line falsecount="2403" truecount="1" num="1180" type="cond"/>
            <line num="1181" count="1" type="stmt"/>
            <line num="1182" count="1" type="stmt"/>
            <line num="1185" count="2403" type="stmt"/>
            <line num="1186" count="2403" type="stmt"/>
            <line complexity="2" visibility="public" signature="add(double) : RandomVariable" num="1190" count="526329" type="method"/>
            <line num="1192" count="526338" type="stmt"/>
            <line falsecount="519954" truecount="6384" num="1192" type="cond"/>
            <line num="1193" count="6396" type="stmt"/>
            <line num="1194" count="6395" type="stmt"/>
            <line num="1197" count="519958" type="stmt"/>
            <line num="1198" count="519961" type="stmt"/>
            <line complexity="2" visibility="public" signature="sub(double) : RandomVariable" num="1202" count="48003" type="method"/>
            <line num="1204" count="48004" type="stmt"/>
            <line falsecount="48001" truecount="2" num="1204" type="cond"/>
            <line num="1205" count="2" type="stmt"/>
            <line num="1206" count="2" type="stmt"/>
            <line num="1209" count="48003" type="stmt"/>
            <line num="1210" count="48004" type="stmt"/>
            <line complexity="2" visibility="public" signature="bus(double) : RandomVariable" num="1214" count="2" type="method"/>
            <line num="1215" count="2" type="stmt"/>
            <line falsecount="2" truecount="0" num="1215" type="cond"/>
            <line num="1216" count="0" type="stmt"/>
            <line num="1217" count="0" type="stmt"/>
            <line num="1220" count="2" type="stmt"/>
            <line num="1221" count="2" type="stmt"/>
            <line complexity="2" visibility="public" signature="mult(double) : RandomVariable" num="1225" count="1759423" type="method"/>
            <line num="1227" count="1759845" type="stmt"/>
            <line falsecount="1695951" truecount="64840" num="1227" type="cond"/>
            <line num="1228" count="64885" type="stmt"/>
            <line num="1229" count="64867" type="stmt"/>
            <line num="1232" count="1696239" type="stmt"/>
            <line num="1233" count="1696773" type="stmt"/>
            <line complexity="2" visibility="public" signature="div(double) : RandomVariable" num="1237" count="8651" type="method"/>
            <line num="1239" count="8651" type="stmt"/>
            <line falsecount="2408" truecount="6244" num="1239" type="cond"/>
            <line num="1240" count="6243" type="stmt"/>
            <line num="1241" count="6243" type="stmt"/>
            <line num="1244" count="2408" type="stmt"/>
            <line num="1245" count="2408" type="stmt"/>
            <line complexity="2" visibility="public" signature="vid(double) : RandomVariable" num="1249" count="118563" type="method"/>
            <line num="1250" count="118563" type="stmt"/>
            <line falsecount="118563" truecount="0" num="1250" type="cond"/>
            <line num="1251" count="0" type="stmt"/>
            <line num="1252" count="0" type="stmt"/>
            <line num="1255" count="118563" type="stmt"/>
            <line num="1256" count="118563" type="stmt"/>
            <line complexity="2" visibility="public" signature="pow(double) : RandomVariable" num="1260" count="2" type="method"/>
            <line num="1262" count="2" type="stmt"/>
            <line falsecount="2" truecount="0" num="1262" type="cond"/>
            <line num="1263" count="0" type="stmt"/>
            <line num="1264" count="0" type="stmt"/>
            <line num="1267" count="2" type="stmt"/>
            <line num="1268" count="2" type="stmt"/>
            <line complexity="1" visibility="public" signature="average() : RandomVariable" num="1272" count="0" type="method"/>
            <line num="1274" count="0" type="stmt"/>
            <line complexity="2" visibility="public" signature="squared() : RandomVariable" num="1277" count="211" type="method"/>
            <line num="1279" count="211" type="stmt"/>
            <line falsecount="209" truecount="2" num="1279" type="cond"/>
            <line num="1280" count="2" type="stmt"/>
            <line num="1281" count="2" type="stmt"/>
            <line num="1283" count="209" type="stmt"/>
            <line complexity="2" visibility="public" signature="sqrt() : RandomVariable" num="1287" count="1" type="method"/>
            <line num="1289" count="1" type="stmt"/>
            <line falsecount="1" truecount="0" num="1289" type="cond"/>
            <line num="1290" count="0" type="stmt"/>
            <line num="1291" count="0" type="stmt"/>
            <line num="1294" count="1" type="stmt"/>
            <line num="1295" count="1" type="stmt"/>
            <line complexity="2" visibility="public" signature="invert() : RandomVariable" num="1299" count="2" type="method"/>
            <line num="1301" count="2" type="stmt"/>
            <line falsecount="1" truecount="1" num="1301" type="cond"/>
            <line num="1302" count="1" type="stmt"/>
            <line num="1303" count="1" type="stmt"/>
            <line num="1306" count="1" type="stmt"/>
            <line num="1307" count="1" type="stmt"/>
            <line complexity="2" visibility="public" signature="abs() : RandomVariable" num="1311" count="2" type="method"/>
            <line num="1313" count="2" type="stmt"/>
            <line falsecount="1" truecount="1" num="1313" type="cond"/>
            <line num="1314" count="1" type="stmt"/>
            <line num="1315" count="1" type="stmt"/>
            <line num="1318" count="1" type="stmt"/>
            <line num="1319" count="1" type="stmt"/>
            <line complexity="2" visibility="public" signature="exp() : RandomVariable" num="1323" count="6662" type="method"/>
            <line num="1325" count="6662" type="stmt"/>
            <line falsecount="6501" truecount="161" num="1325" type="cond"/>
            <line num="1326" count="161" type="stmt"/>
            <line num="1327" count="160" type="stmt"/>
            <line num="1330" count="6501" type="stmt"/>
            <line num="1331" count="6501" type="stmt"/>
            <line complexity="2" visibility="public" signature="log() : RandomVariable" num="1335" count="6498" type="method"/>
            <line num="1337" count="6498" type="stmt"/>
            <line falsecount="6338" truecount="161" num="1337" type="cond"/>
            <line num="1338" count="161" type="stmt"/>
            <line num="1339" count="161" type="stmt"/>
            <line num="1342" count="6338" type="stmt"/>
            <line num="1343" count="6340" type="stmt"/>
            <line complexity="1" visibility="public" signature="sin() : RandomVariable" num="1347" count="0" type="method"/>
            <line num="1349" count="0" type="stmt"/>
            <line complexity="1" visibility="public" signature="cos() : RandomVariable" num="1363" count="0" type="method"/>
            <line num="1365" count="0" type="stmt"/>
            <line complexity="6" visibility="public" signature="add(RandomVariable) : RandomVariable" num="1383" count="1046512" type="method"/>
            <line num="1385" count="1046525" type="stmt"/>
            <line falsecount="1046525" truecount="0" num="1385" type="cond"/>
            <line num="1387" count="0" type="stmt"/>
            <line num="1391" count="1046540" type="stmt"/>
            <line num="1393" count="1046535" type="stmt"/>
            <line falsecount="1002886" truecount="43657" num="1393" type="cond"/>
            <line num="1394" count="43659" type="stmt"/>
            <line num="1395" count="43651" type="stmt"/>
            <line num="1397" count="1002887" type="stmt"/>
            <line falsecount="845113" truecount="157767" num="1397" type="cond"/>
            <line num="1398" count="157767" type="stmt"/>
            <line num="1399" count="845120" type="stmt"/>
            <line falsecount="608000" truecount="237114" num="1399" type="cond"/>
            <line num="1400" count="237119" type="stmt"/>
            <line num="1402" count="608000" type="stmt"/>
            <line num="1403" count="608001" type="stmt"/>
            <line complexity="6" visibility="public" signature="sub(RandomVariable) : RandomVariable" num="1407" count="251954" type="method"/>
            <line num="1409" count="251967" type="stmt"/>
            <line falsecount="251969" truecount="0" num="1409" type="cond"/>
            <line num="1411" count="0" type="stmt"/>
            <line num="1415" count="251973" type="stmt"/>
            <line num="1417" count="251964" type="stmt"/>
            <line falsecount="237111" truecount="14844" num="1417" type="cond"/>
            <line num="1418" count="14846" type="stmt"/>
            <line num="1419" count="14844" type="stmt"/>
            <line num="1421" count="237116" type="stmt"/>
            <line falsecount="237115" truecount="1" num="1421" type="cond"/>
            <line num="1422" count="1" type="stmt"/>
            <line num="1423" count="237116" type="stmt"/>
            <line falsecount="237120" truecount="1" num="1423" type="cond"/>
            <line num="1424" count="1" type="stmt"/>
            <line num="1426" count="237114" type="stmt"/>
            <line num="1427" count="237123" type="stmt"/>
            <line complexity="6" visibility="public" signature="bus(RandomVariable) : RandomVariable" num="1431" count="4" type="method"/>
            <line num="1433" count="4" type="stmt"/>
            <line falsecount="4" truecount="0" num="1433" type="cond"/>
            <line num="1435" count="0" type="stmt"/>
            <line num="1439" count="4" type="stmt"/>
            <line num="1441" count="4" type="stmt"/>
            <line falsecount="3" truecount="1" num="1441" type="cond"/>
            <line num="1442" count="1" type="stmt"/>
            <line num="1443" count="1" type="stmt"/>
            <line num="1445" count="3" type="stmt"/>
            <line falsecount="2" truecount="1" num="1445" type="cond"/>
            <line num="1446" count="1" type="stmt"/>
            <line num="1447" count="2" type="stmt"/>
            <line falsecount="1" truecount="1" num="1447" type="cond"/>
            <line num="1448" count="1" type="stmt"/>
            <line num="1451" count="1" type="stmt"/>
            <line num="1452" count="1" type="stmt"/>
            <line complexity="7" visibility="public" signature="mult(RandomVariable) : RandomVariable" num="1456" count="2244515" type="method"/>
            <line num="1458" count="2244643" type="stmt"/>
            <line falsecount="2244867" truecount="0" num="1458" type="cond"/>
            <line num="1460" count="0" type="stmt"/>
            <line num="1464" count="2244943" type="stmt"/>
            <line num="1466" count="2244536" type="stmt"/>
            <line falsecount="2138803" truecount="105963" num="1466" type="cond"/>
            <line num="1467" count="105956" type="stmt"/>
            <line num="1468" count="105875" type="stmt"/>
            <line num="1470" count="2138255" type="stmt"/>
            <line falsecount="1897170" truecount="241176" num="1470" type="cond"/>
            <line num="1471" count="241071" type="stmt"/>
            <line num="1472" count="1897167" type="stmt"/>
            <line falsecount="1897162" truecount="2" num="1472" type="cond"/>
            <line num="1473" count="2" type="stmt"/>
            <line num="1475" count="1897167" type="stmt"/>
            <line num="1476" count="1897157" type="stmt"/>
            <line complexity="6" visibility="public" signature="div(RandomVariable) : RandomVariable" num="1480" count="4802" type="method"/>
            <line num="1482" count="4803" type="stmt"/>
            <line falsecount="4804" truecount="0" num="1482" type="cond"/>
            <line num="1484" count="0" type="stmt"/>
            <line num="1488" count="4803" type="stmt"/>
            <line num="1490" count="4802" type="stmt"/>
            <line falsecount="4803" truecount="1" num="1490" type="cond"/>
            <line num="1491" count="1" type="stmt"/>
            <line num="1492" count="1" type="stmt"/>
            <line num="1494" count="4803" type="stmt"/>
            <line falsecount="4799" truecount="1" num="1494" type="cond"/>
            <line num="1495" count="1" type="stmt"/>
            <line num="1496" count="4800" type="stmt"/>
            <line falsecount="2400" truecount="2402" num="1496" type="cond"/>
            <line num="1497" count="2402" type="stmt"/>
            <line num="1499" count="2400" type="stmt"/>
            <line num="1500" count="2401" type="stmt"/>
            <line complexity="6" visibility="public" signature="vid(RandomVariable) : RandomVariable" num="1504" count="4" type="method"/>
            <line num="1506" count="4" type="stmt"/>
            <line falsecount="4" truecount="0" num="1506" type="cond"/>
            <line num="1508" count="0" type="stmt"/>
            <line num="1512" count="4" type="stmt"/>
            <line num="1514" count="4" type="stmt"/>
            <line falsecount="3" truecount="1" num="1514" type="cond"/>
            <line num="1515" count="1" type="stmt"/>
            <line num="1516" count="1" type="stmt"/>
            <line num="1518" count="3" type="stmt"/>
            <line falsecount="2" truecount="1" num="1518" type="cond"/>
            <line num="1519" count="1" type="stmt"/>
            <line num="1520" count="2" type="stmt"/>
            <line falsecount="1" truecount="1" num="1520" type="cond"/>
            <line num="1521" count="1" type="stmt"/>
            <line num="1524" count="1" type="stmt"/>
            <line num="1525" count="1" type="stmt"/>
            <line complexity="5" visibility="public" signature="cap(RandomVariable) : RandomVariable" num="1529" count="3" type="method"/>
            <line num="1531" count="3" type="stmt"/>
            <line falsecount="3" truecount="0" num="1531" type="cond"/>
            <line num="1533" count="0" type="stmt"/>
            <line num="1537" count="3" type="stmt"/>
            <line num="1539" count="3" type="stmt"/>
            <line falsecount="2" truecount="1" num="1539" type="cond"/>
            <line num="1540" count="1" type="stmt"/>
            <line num="1541" count="1" type="stmt"/>
            <line num="1543" count="2" type="stmt"/>
            <line falsecount="1" truecount="1" num="1543" type="cond"/>
            <line num="1544" count="1" type="stmt"/>
            <line num="1546" count="1" type="stmt"/>
            <line num="1547" count="1" type="stmt"/>
            <line complexity="6" visibility="public" signature="floor(RandomVariable) : RandomVariable" num="1551" count="3" type="method"/>
            <line num="1553" count="3" type="stmt"/>
            <line falsecount="3" truecount="0" num="1553" type="cond"/>
            <line num="1555" count="0" type="stmt"/>
            <line num="1559" count="3" type="stmt"/>
            <line num="1561" count="3" type="stmt"/>
            <line falsecount="2" truecount="1" num="1561" type="cond"/>
            <line num="1562" count="1" type="stmt"/>
            <line num="1563" count="1" type="stmt"/>
            <line num="1565" count="2" type="stmt"/>
            <line falsecount="1" truecount="1" num="1565" type="cond"/>
            <line num="1566" count="1" type="stmt"/>
            <line num="1567" count="1" type="stmt"/>
            <line falsecount="1" truecount="0" num="1567" type="cond"/>
            <line num="1568" count="0" type="stmt"/>
            <line num="1570" count="1" type="stmt"/>
            <line num="1571" count="1" type="stmt"/>
            <line complexity="5" visibility="public" signature="accrue(RandomVariable,double) : RandomVariable" num="1575" count="3205" type="method"/>
            <line num="1577" count="3205" type="stmt"/>
            <line falsecount="3205" truecount="0" num="1577" type="cond"/>
            <line num="1579" count="0" type="stmt"/>
            <line num="1583" count="3205" type="stmt"/>
            <line num="1585" count="3205" type="stmt"/>
            <line falsecount="3043" truecount="162" num="1585" type="cond"/>
            <line num="1586" count="162" type="stmt"/>
            <line num="1587" count="3043" type="stmt"/>
            <line falsecount="2882" truecount="161" num="1587" type="cond"/>
            <line num="1588" count="161" type="stmt"/>
            <line num="1590" count="2882" type="stmt"/>
            <line num="1591" count="2882" type="stmt"/>
            <line complexity="6" visibility="public" signature="discount(RandomVariable,double) : RandomVariable" num="1595" count="172804" type="method"/>
            <line num="1597" count="172805" type="stmt"/>
            <line falsecount="172803" truecount="0" num="1597" type="cond"/>
            <line num="1599" count="0" type="stmt"/>
            <line num="1603" count="172805" type="stmt"/>
            <line num="1605" count="172804" type="stmt"/>
            <line falsecount="166561" truecount="6241" num="1605" type="cond"/>
            <line num="1606" count="6242" type="stmt"/>
            <line num="1607" count="166561" type="stmt"/>
            <line falsecount="48002" truecount="118559" num="1607" type="cond"/>
            <line num="1608" count="118559" type="stmt"/>
            <line falsecount="118559" truecount="0" num="1608" type="cond"/>
            <line num="1609" count="0" type="stmt"/>
            <line num="1611" count="118559" type="stmt"/>
            <line num="1614" count="48002" type="stmt"/>
            <line num="1615" count="48001" type="stmt"/>
            <line complexity="1" visibility="public" signature="choose(RandomVariable,RandomVariable) : RandomVariable" num="1624" count="0" type="method"/>
            <line num="1627" count="0" type="stmt"/>
            <line complexity="5" visibility="public" signature="addProduct(RandomVariable,double) : RandomVariable" num="1630" count="175325" type="method"/>
            <line num="1632" count="175351" type="stmt"/>
            <line falsecount="175365" truecount="0" num="1632" type="cond"/>
            <line num="1634" count="0" type="stmt"/>
            <line num="1638" count="175384" type="stmt"/>
            <line num="1640" count="175361" type="stmt"/>
            <line falsecount="162648" truecount="12730" num="1640" type="cond"/>
            <line num="1641" count="12733" type="stmt"/>
            <line num="1642" count="162648" type="stmt"/>
            <line falsecount="6391" truecount="156259" num="1642" type="cond"/>
            <line num="1643" count="156258" type="stmt"/>
            <line num="1644" count="156261" type="stmt"/>
            <line num="1646" count="6392" type="stmt"/>
            <line complexity="13" visibility="public" signature="addProduct(RandomVariable,RandomVariable) : RandomVariable" num="1650" count="1260854" type="method"/>
            <line num="1652" count="1260862" type="stmt"/>
            <line falsecount="1260898" truecount="0" num="1652" type="cond"/>
            <line num="1654" count="0" type="stmt"/>
            <line num="1658" count="1260898" type="stmt"/>
            <line num="1660" count="1260894" type="stmt"/>
            <line falsecount="1229671" truecount="31201" num="1660" type="cond"/>
            <line num="1661" count="31199" type="stmt"/>
            <line num="1662" count="31195" type="stmt"/>
            <line num="1664" count="1229676" type="stmt"/>
            <line falsecount="1229684" truecount="5" num="1664" type="cond"/>
            <line num="1665" count="5" type="stmt"/>
            <line num="1666" count="1229679" type="stmt"/>
            <line falsecount="1229665" truecount="6" num="1666" type="cond"/>
            <line num="1667" count="6" type="stmt"/>
            <line num="1668" count="1229670" type="stmt"/>
            <line falsecount="1185590" truecount="44064" num="1668" type="cond"/>
            <line num="1669" count="44080" type="stmt"/>
            <line num="1670" count="1185596" type="stmt"/>
            <line falsecount="118563" truecount="1067040" num="1670" type="cond"/>
            <line num="1671" count="1067041" type="stmt"/>
            <line num="1672" count="1067022" type="stmt"/>
            <line num="1674" count="118563" type="stmt"/>
            <line complexity="1" visibility="public" signature="addRatio(RandomVariable,RandomVariable) : RandomVariable" num="1678" count="0" type="method"/>
            <line num="1681" count="0" type="stmt"/>
            <line complexity="1" visibility="public" signature="subRatio(RandomVariable,RandomVariable) : RandomVariable" num="1684" count="0" type="method"/>
            <line num="1687" count="0" type="stmt"/>
            <line complexity="1" visibility="public" signature="isNaN() : RandomVariable" num="1693" count="0" type="method"/>
            <line num="1696" count="0" type="stmt"/>
            <line complexity="2" visibility="private" signature="reduceToDouble() : RandomVariableFromDoubleArray" num="1704" count="0" type="method"/>
            <line num="1706" count="0" type="stmt"/>
            <line num="1707" count="0" type="stmt"/>
            <line num="1709" count="0" type="stmt"/>
            <line num="1711" count="0" type="stmt"/>
            <line num="1717" count="0" type="stmt"/>
            <line num="1718" count="0" type="stmt"/>
            <line complexity="1" visibility="public" signature="run() : void" num="1719" count="0" type="method"/>
            <line num="1719" count="0" type="stmt"/>
            <line num="1721" count="0" type="stmt"/>
            <line num="1722" count="0" type="stmt"/>
            <line num="1723" count="0" type="stmt"/>
            <line num="1726" count="0" type="stmt"/>
            <line num="1729" count="0" type="stmt"/>
            <line complexity="3" visibility="private" signature="reduce() : double" num="1732" count="0" type="method"/>
            <line num="1733" count="0" type="stmt"/>
            <line falsecount="0" truecount="0" num="1733" type="cond"/>
            <line num="1734" count="0" type="stmt"/>
            <line num="1737" count="0" type="stmt"/>
            <line num="1738" count="0" type="stmt"/>
            <line falsecount="0" truecount="0" num="1738" type="cond"/>
            <line num="1739" count="0" type="stmt"/>
            <line num="1741" count="0" type="stmt"/>
            <line complexity="1" visibility="private" signature="reduceBySize(int) : RandomVariableCuda" num="1744" count="0" type="method"/>
            <line num="1745" count="0" type="stmt"/>
            <line num="1746" count="0" type="stmt"/>
            <line num="1747" count="0" type="stmt"/>
            <line num="1749" count="0" type="stmt"/>
            <line num="1755" count="0" type="stmt"/>
         </file>
         <file path="/Users/fries/Documents/Development/Repositories/finmath-lib-cuda-extensions/target/checkout/src/main/java/net/finmath/montecarlo/cuda/RandomVariableCudaFactory.java" name="RandomVariableCudaFactory.java">
            <metrics coveredelements="6" coveredconditionals="0" complexity="3" loc="35" coveredmethods="3" methods="3" elements="6" classes="1" ncloc="18" statements="3" conditionals="0" coveredstatements="3"/>
            <class name="RandomVariableCudaFactory">
               <metrics coveredelements="6" coveredconditionals="0" complexity="3" coveredmethods="3" methods="3" elements="6" statements="3" conditionals="0" coveredstatements="3"/>
            </class>
            <line complexity="1" visibility="public" signature="RandomVariableCudaFactory()" num="22" count="4" type="method"/>
            <line num="23" count="4" type="stmt"/>
            <line complexity="1" visibility="public" signature="createRandomVariable(double,double) : RandomVariable" num="26" count="143559" type="method"/>
            <line num="28" count="143564" type="stmt"/>
            <line complexity="1" visibility="public" signature="createRandomVariable(double,double[]) : RandomVariable" num="31" count="433" type="method"/>
            <line num="33" count="433" type="stmt"/>
         </file>
      </package>
      <package name="net.finmath.montecarlo.cuda.alternative">
         <metrics coveredelements="142" complexity="251" loc="2211" methods="126" classes="4" statements="580" coveredconditionals="31" coveredmethods="14" elements="920" ncloc="1394" files="4" conditionals="214" coveredstatements="97"/>
         <file path="/Users/fries/Documents/Development/Repositories/finmath-lib-cuda-extensions/target/checkout/src/main/java/net/finmath/montecarlo/cuda/alternative/BrownianMotionCudaWithHostRandomVariable.java" name="BrownianMotionCudaWithHostRandomVariable.java">
            <metrics coveredelements="50" coveredconditionals="10" complexity="28" loc="286" coveredmethods="4" methods="15" elements="104" classes="1" ncloc="165" statements="65" conditionals="24" coveredstatements="36"/>
            <class name="BrownianMotionCudaWithHostRandomVariable">
               <metrics coveredelements="50" coveredconditionals="10" complexity="28" coveredmethods="4" methods="15" elements="104" statements="65" conditionals="24" coveredstatements="36"/>
            </class>
            <line complexity="1" visibility="public" signature="BrownianMotionCudaWithHostRandomVariable(TimeDiscretization,int,int,int,RandomVariableFactory)" num="83" count="100" type="method"/>
            <line num="89" count="100" type="stmt"/>
            <line num="90" count="100" type="stmt"/>
            <line num="91" count="100" type="stmt"/>
            <line num="92" count="100" type="stmt"/>
            <line num="93" count="100" type="stmt"/>
            <line num="95" count="100" type="stmt"/>
            <line num="97" count="100" type="stmt"/>
            <line complexity="1" visibility="public" signature="BrownianMotionCudaWithHostRandomVariable(TimeDiscretization,int,int,int)" num="108" count="100" type="method"/>
            <line num="113" count="100" type="stmt"/>
            <line complexity="1" visibility="public" signature="getCloneWithModifiedSeed(int) : BrownianMotion" num="116" count="0" type="method"/>
            <line num="118" count="0" type="stmt"/>
            <line complexity="1" visibility="public" signature="getCloneWithModifiedTimeDiscretization(TimeDiscretization) : BrownianMotion" num="121" count="0" type="method"/>
            <line num="124" count="0" type="stmt"/>
            <line complexity="2" visibility="public" signature="getBrownianIncrement(int,int) : RandomVariable" num="127" count="100" type="method"/>
            <line num="131" count="100" type="stmt"/>
            <line num="132" count="100" type="stmt"/>
            <line falsecount="0" truecount="100" num="132" type="cond"/>
            <line num="133" count="100" type="stmt"/>
            <line num="140" count="100" type="stmt"/>
            <line complexity="6" visibility="private" signature="doGenerateBrownianMotion() : void" num="146" count="100" type="method"/>
            <line num="147" count="100" type="stmt"/>
            <line falsecount="100" truecount="0" num="147" type="cond"/>
            <line num="149" count="0" type="stmt"/>
            <line num="153" count="100" type="stmt"/>
            <line num="154" count="100" type="stmt"/>
            <line num="156" count="100" type="stmt"/>
            <line num="158" count="100" type="stmt"/>
            <line num="164" count="100" type="stmt"/>
            <line num="165" count="100" type="stmt"/>
            <line num="168" count="100" type="stmt"/>
            <line num="171" count="100" type="stmt"/>
            <line num="174" count="100" type="stmt"/>
            <line num="177" count="100" type="stmt"/>
            <line falsecount="100" truecount="1000" num="177" type="cond"/>
            <line num="178" count="1000" type="stmt"/>
            <line num="181" count="1000" type="stmt"/>
            <line num="183" count="1000" type="stmt"/>
            <line num="184" count="1000" type="stmt"/>
            <line falsecount="1000" truecount="1000" num="184" type="cond"/>
            <line num="186" count="1000" type="stmt"/>
            <line num="188" count="1000" type="stmt"/>
            <line num="194" count="100" type="stmt"/>
            <line num="195" count="100" type="stmt"/>
            <line num="198" count="100" type="stmt"/>
            <line num="201" count="100" type="stmt"/>
            <line falsecount="100" truecount="1000" num="201" type="cond"/>
            <line num="202" count="1000" type="stmt"/>
            <line num="203" count="1000" type="stmt"/>
            <line falsecount="1000" truecount="1000" num="203" type="cond"/>
            <line num="204" count="1000" type="stmt"/>
            <line complexity="1" visibility="public" signature="getTimeDiscretization() : TimeDiscretization" num="210" count="0" type="method"/>
            <line num="212" count="0" type="stmt"/>
            <line complexity="1" visibility="public" signature="getNumberOfFactors() : int" num="215" count="0" type="method"/>
            <line num="217" count="0" type="stmt"/>
            <line complexity="1" visibility="public" signature="getNumberOfPaths() : int" num="220" count="0" type="method"/>
            <line num="222" count="0" type="stmt"/>
            <line complexity="1" visibility="public" signature="getRandomVariableForConstant(double) : RandomVariable" num="225" count="0" type="method"/>
            <line num="227" count="0" type="stmt"/>
            <line complexity="1" visibility="public" signature="getSeed() : int" num="233" count="0" type="method"/>
            <line num="234" count="0" type="stmt"/>
            <line complexity="1" visibility="public" signature="toString() : String" num="237" count="0" type="method"/>
            <line num="239" count="0" type="stmt"/>
            <line complexity="8" visibility="public" signature="equals(Object) : boolean" num="246" count="0" type="method"/>
            <line num="248" count="0" type="stmt"/>
            <line falsecount="0" truecount="0" num="248" type="cond"/>
            <line num="249" count="0" type="stmt"/>
            <line num="251" count="0" type="stmt"/>
            <line falsecount="0" truecount="0" num="251" type="cond"/>
            <line num="252" count="0" type="stmt"/>
            <line num="255" count="0" type="stmt"/>
            <line num="257" count="0" type="stmt"/>
            <line falsecount="0" truecount="0" num="257" type="cond"/>
            <line num="258" count="0" type="stmt"/>
            <line num="260" count="0" type="stmt"/>
            <line falsecount="0" truecount="0" num="260" type="cond"/>
            <line num="261" count="0" type="stmt"/>
            <line num="263" count="0" type="stmt"/>
            <line falsecount="0" truecount="0" num="263" type="cond"/>
            <line num="264" count="0" type="stmt"/>
            <line num="266" count="0" type="stmt"/>
            <line falsecount="0" truecount="0" num="266" type="cond"/>
            <line num="267" count="0" type="stmt"/>
            <line num="270" count="0" type="stmt"/>
            <line complexity="1" visibility="public" signature="getIncrement(int,int) : RandomVariable" num="273" count="0" type="method"/>
            <line num="275" count="0" type="stmt"/>
            <line complexity="1" visibility="public" signature="hashCode() : int" num="278" count="0" type="method"/>
            <line num="280" count="0" type="stmt"/>
            <line num="281" count="0" type="stmt"/>
            <line num="282" count="0" type="stmt"/>
            <line num="283" count="0" type="stmt"/>
            <line num="284" count="0" type="stmt"/>
         </file>
         <file path="/Users/fries/Documents/Development/Repositories/finmath-lib-cuda-extensions/target/checkout/src/main/java/net/finmath/montecarlo/cuda/alternative/BrownianMotionCudaWithRandomVariableCuda.java" name="BrownianMotionCudaWithRandomVariableCuda.java">
            <metrics coveredelements="46" coveredconditionals="7" complexity="26" loc="260" coveredmethods="7" methods="15" elements="93" classes="1" ncloc="150" statements="58" conditionals="20" coveredstatements="32"/>
            <class name="BrownianMotionCudaWithRandomVariableCuda">
               <metrics coveredelements="46" coveredconditionals="7" complexity="26" coveredmethods="7" methods="15" elements="93" statements="58" conditionals="20" coveredstatements="32"/>
            </class>
            <line complexity="1" visibility="public" signature="BrownianMotionCudaWithRandomVariableCuda(TimeDiscretization,int,int,int,RandomVariableFactory)" num="78" count="202" type="method"/>
            <line num="84" count="202" type="stmt"/>
            <line num="85" count="202" type="stmt"/>
            <line num="86" count="202" type="stmt"/>
            <line num="87" count="202" type="stmt"/>
            <line num="88" count="202" type="stmt"/>
            <line num="90" count="202" type="stmt"/>
            <line num="92" count="202" type="stmt"/>
            <line complexity="1" visibility="public" signature="BrownianMotionCudaWithRandomVariableCuda(TimeDiscretization,int,int,int)" num="103" count="202" type="method"/>
            <line num="108" count="202" type="stmt"/>
            <line complexity="1" visibility="public" signature="getCloneWithModifiedSeed(int) : BrownianMotion" num="111" count="0" type="method"/>
            <line num="113" count="0" type="stmt"/>
            <line complexity="1" visibility="public" signature="getCloneWithModifiedTimeDiscretization(TimeDiscretization) : BrownianMotion" num="116" count="0" type="method"/>
            <line num="119" count="0" type="stmt"/>
            <line complexity="2" visibility="public" signature="getBrownianIncrement(int,int) : RandomVariable" num="122" count="18121" type="method"/>
            <line num="126" count="18121" type="stmt"/>
            <line num="127" count="18121" type="stmt"/>
            <line falsecount="17919" truecount="202" num="127" type="cond"/>
            <line num="128" count="202" type="stmt"/>
            <line num="135" count="18121" type="stmt"/>
            <line complexity="4" visibility="private" signature="doGenerateBrownianMotion() : void" num="141" count="202" type="method"/>
            <line num="142" count="202" type="stmt"/>
            <line falsecount="202" truecount="0" num="142" type="cond"/>
            <line num="144" count="0" type="stmt"/>
            <line num="148" count="202" type="stmt"/>
            <line num="149" count="202" type="stmt"/>
            <line num="150" count="202" type="stmt"/>
            <line num="153" count="202" type="stmt"/>
            <line num="155" count="202" type="stmt"/>
            <line num="159" count="202" type="stmt"/>
            <line num="162" count="202" type="stmt"/>
            <line num="165" count="202" type="stmt"/>
            <line num="168" count="202" type="stmt"/>
            <line falsecount="202" truecount="2050" num="168" type="cond"/>
            <line num="169" count="2050" type="stmt"/>
            <line num="170" count="2050" type="stmt"/>
            <line num="172" count="2050" type="stmt"/>
            <line falsecount="2050" truecount="2250" num="172" type="cond"/>
            <line num="174" count="2250" type="stmt"/>
            <line num="175" count="2250" type="stmt"/>
            <line num="176" count="2250" type="stmt"/>
            <line num="181" count="202" type="stmt"/>
            <line complexity="1" visibility="public" signature="getTimeDiscretization() : TimeDiscretization" num="184" count="128" type="method"/>
            <line num="186" count="128" type="stmt"/>
            <line complexity="1" visibility="public" signature="getNumberOfFactors() : int" num="189" count="0" type="method"/>
            <line num="191" count="0" type="stmt"/>
            <line complexity="1" visibility="public" signature="getNumberOfPaths() : int" num="194" count="128" type="method"/>
            <line num="196" count="128" type="stmt"/>
            <line complexity="1" visibility="public" signature="getRandomVariableForConstant(double) : RandomVariable" num="199" count="192" type="method"/>
            <line num="201" count="192" type="stmt"/>
            <line complexity="1" visibility="public" signature="getSeed() : int" num="207" count="0" type="method"/>
            <line num="208" count="0" type="stmt"/>
            <line complexity="1" visibility="public" signature="toString() : String" num="211" count="0" type="method"/>
            <line num="213" count="0" type="stmt"/>
            <line complexity="8" visibility="public" signature="equals(Object) : boolean" num="220" count="0" type="method"/>
            <line num="222" count="0" type="stmt"/>
            <line falsecount="0" truecount="0" num="222" type="cond"/>
            <line num="223" count="0" type="stmt"/>
            <line num="225" count="0" type="stmt"/>
            <line falsecount="0" truecount="0" num="225" type="cond"/>
            <line num="226" count="0" type="stmt"/>
            <line num="229" count="0" type="stmt"/>
            <line num="231" count="0" type="stmt"/>
            <line falsecount="0" truecount="0" num="231" type="cond"/>
            <line num="232" count="0" type="stmt"/>
            <line num="234" count="0" type="stmt"/>
            <line falsecount="0" truecount="0" num="234" type="cond"/>
            <line num="235" count="0" type="stmt"/>
            <line num="237" count="0" type="stmt"/>
            <line falsecount="0" truecount="0" num="237" type="cond"/>
            <line num="238" count="0" type="stmt"/>
            <line num="240" count="0" type="stmt"/>
            <line falsecount="0" truecount="0" num="240" type="cond"/>
            <line num="241" count="0" type="stmt"/>
            <line num="244" count="0" type="stmt"/>
            <line complexity="1" visibility="public" signature="getIncrement(int,int) : RandomVariable" num="247" count="0" type="method"/>
            <line num="249" count="0" type="stmt"/>
            <line complexity="1" visibility="public" signature="hashCode() : int" num="252" count="0" type="method"/>
            <line num="254" count="0" type="stmt"/>
            <line num="255" count="0" type="stmt"/>
            <line num="256" count="0" type="stmt"/>
            <line num="257" count="0" type="stmt"/>
            <line num="258" count="0" type="stmt"/>
         </file>
         <file path="/Users/fries/Documents/Development/Repositories/finmath-lib-cuda-extensions/target/checkout/src/main/java/net/finmath/montecarlo/cuda/alternative/BrownianMotionJavaRandom.java" name="BrownianMotionJavaRandom.java">
            <metrics coveredelements="46" coveredconditionals="14" complexity="30" loc="257" coveredmethods="3" methods="15" elements="102" classes="1" ncloc="148" statements="59" conditionals="28" coveredstatements="29"/>
            <class name="BrownianMotionJavaRandom">
               <metrics coveredelements="46" coveredconditionals="14" complexity="30" coveredmethods="3" methods="15" elements="102" statements="59" conditionals="28" coveredstatements="29"/>
            </class>
            <line complexity="1" visibility="public" signature="BrownianMotionJavaRandom(TimeDiscretization,int,int,int,RandomVariableFactory)" num="69" count="100" type="method"/>
            <line num="75" count="100" type="stmt"/>
            <line num="76" count="100" type="stmt"/>
            <line num="77" count="100" type="stmt"/>
            <line num="78" count="100" type="stmt"/>
            <line num="79" count="100" type="stmt"/>
            <line num="81" count="100" type="stmt"/>
            <line num="83" count="100" type="stmt"/>
[...]
            <line num="184" count="2" type="stmt"/>
            <line num="186" count="2" type="stmt"/>
            <line falsecount="2" truecount="2" num="186" type="cond"/>
            <line num="187" count="2" type="stmt"/>
            <line num="188" count="2" type="stmt"/>
            <line num="189" count="2" type="stmt"/>
            <line falsecount="2" truecount="200000" num="189" type="cond"/>
            <line num="190" count="200000" type="stmt"/>
            <line num="193" count="2" type="stmt"/>
            <line num="195" count="2" type="stmt"/>
            <line num="196" count="352" type="stmt"/>
            <line num="197" count="352" type="stmt"/>
            <line num="198" count="352" type="stmt"/>
            <line num="199" count="352" type="stmt"/>
            <line num="202" count="2" type="stmt"/>
            <line num="203" count="176" type="stmt"/>
            <line num="204" count="176" type="stmt"/>
            <line num="206" count="176" type="stmt"/>
            <line falsecount="176" truecount="11800058" num="206" type="cond"/>
            <line num="207" count="11800058" type="stmt"/>
            <line num="209" count="176" type="stmt"/>
            <line num="212" count="2" type="stmt"/>
            <line num="213" count="2" type="stmt"/>
            <line num="214" count="2" type="stmt"/>
            <line num="216" count="2" type="stmt"/>
            <line num="217" count="2" type="stmt"/>
            <line num="218" count="2" type="stmt"/>
            <line num="220" count="2" type="stmt"/>
            <line num="221" count="2" type="stmt"/>
            <line num="222" count="2" type="stmt"/>
            <line num="223" count="2" type="stmt"/>
            <line num="224" count="2" type="stmt"/>
            <line num="226" count="2" type="stmt"/>
            <line num="227" count="2" type="stmt"/>
            <line num="228" count="2" type="stmt"/>
            <line num="229" count="2" type="stmt"/>
            <line num="230" count="2" type="stmt"/>
            <line num="232" count="2" type="stmt"/>
            <line num="233" count="2" type="stmt"/>
            <line num="234" count="2" type="stmt"/>
            <line num="235" count="2" type="stmt"/>
            <line num="236" count="2" type="stmt"/>
            <line num="238" count="2" type="stmt"/>
            <line num="239" count="2" type="stmt"/>
            <line num="240" count="2" type="stmt"/>
            <line num="241" count="2" type="stmt"/>
            <line num="242" count="2" type="stmt"/>
            <line num="243" count="2" type="stmt"/>
            <line num="245" count="2" type="stmt"/>
            <line num="246" count="2" type="stmt"/>
            <line num="247" count="2" type="stmt"/>
            <line num="248" count="2" type="stmt"/>
            <line num="249" count="2" type="stmt"/>
            <line num="250" count="2" type="stmt"/>
            <line num="252" count="2" type="stmt"/>
            <line num="253" count="2" type="stmt"/>
            <line num="254" count="2" type="stmt"/>
            <line num="255" count="2" type="stmt"/>
            <line num="256" count="2" type="stmt"/>
            <line num="258" count="2" type="stmt"/>
            <line num="259" count="2" type="stmt"/>
            <line num="260" count="2" type="stmt"/>
            <line num="261" count="2" type="stmt"/>
            <line num="262" count="2" type="stmt"/>
            <line num="264" count="2" type="stmt"/>
            <line num="265" count="2" type="stmt"/>
            <line num="266" count="2" type="stmt"/>
            <line num="267" count="2" type="stmt"/>
            <line num="268" count="2" type="stmt"/>
            <line num="270" count="2" type="stmt"/>
            <line num="271" count="2" type="stmt"/>
            <line num="272" count="2" type="stmt"/>
            <line num="273" count="2" type="stmt"/>
            <line num="274" count="2" type="stmt"/>
            <line num="276" count="2" type="stmt"/>
            <line num="277" count="2" type="stmt"/>
            <line num="278" count="2" type="stmt"/>
            <line num="279" count="2" type="stmt"/>
            <line num="280" count="2" type="stmt"/>
            <line num="282" count="2" type="stmt"/>
            <line num="283" count="2" type="stmt"/>
            <line num="284" count="2" type="stmt"/>
            <line num="286" count="2" type="stmt"/>
            <line num="287" count="2" type="stmt"/>
            <line num="288" count="2" type="stmt"/>
            <line num="290" count="2" type="stmt"/>
            <line num="291" count="2" type="stmt"/>
            <line num="292" count="2" type="stmt"/>
            <line num="294" count="2" type="stmt"/>
            <line num="295" count="2" type="stmt"/>
            <line num="296" count="2" type="stmt"/>
            <line num="298" count="2" type="stmt"/>
            <line num="299" count="2" type="stmt"/>
            <line num="300" count="2" type="stmt"/>
            <line num="301" count="2" type="stmt"/>
            <line num="302" count="2" type="stmt"/>
            <line num="303" count="2" type="stmt"/>
            <line num="305" count="2" type="stmt"/>
            <line num="306" count="2" type="stmt"/>
            <line num="307" count="2" type="stmt"/>
            <line num="308" count="2" type="stmt"/>
            <line num="309" count="2" type="stmt"/>
            <line num="310" count="2" type="stmt"/>
            <line num="312" count="2" type="stmt"/>
            <line num="313" count="2" type="stmt"/>
            <line num="314" count="2" type="stmt"/>
            <line num="315" count="2" type="stmt"/>
            <line num="316" count="2" type="stmt"/>
            <line num="317" count="2" type="stmt"/>
            <line num="318" count="2" type="stmt"/>
            <line num="319" count="2" type="stmt"/>
            <line num="320" count="2" type="stmt"/>
            <line num="322" count="2" type="stmt"/>
            <line num="323" count="2" type="stmt"/>
            <line num="324" count="2" type="stmt"/>
            <line num="325" count="2" type="stmt"/>
            <line num="326" count="2" type="stmt"/>
            <line num="328" count="2" type="stmt"/>
            <line num="329" count="2" type="stmt"/>
            <line num="330" count="2" type="stmt"/>
            <line num="331" count="2" type="stmt"/>
            <line num="332" count="2" type="stmt"/>
            <line num="333" count="2" type="stmt"/>
            <line num="334" count="2" type="stmt"/>
            <line num="335" count="2" type="stmt"/>
            <line num="336" count="2" type="stmt"/>
            <line num="338" count="2" type="stmt"/>
            <line num="339" count="2" type="stmt"/>
            <line num="340" count="2" type="stmt"/>
            <line num="341" count="2" type="stmt"/>
            <line num="342" count="2" type="stmt"/>
            <line num="344" count="2" type="stmt"/>
         </file>
      </package>
      <package name="net.finmath.montecarlo.interestrates">
         <metrics coveredelements="121" complexity="17" loc="313" methods="6" classes="2" statements="108" coveredconditionals="8" coveredmethods="6" elements="122" ncloc="212" files="1" conditionals="8" coveredstatements="107"/>
         <file path="/Users/fries/Documents/Development/Repositories/finmath-lib-cuda-extensions/target/checkout/src/test/java/net/finmath/montecarlo/interestrates/LIBORMarketModelCalibrationTest.java" name="LIBORMarketModelCalibrationTest.java">
            <metrics coveredelements="121" coveredconditionals="8" complexity="17" loc="313" coveredmethods="6" methods="6" elements="122" classes="2" ncloc="212" statements="108" conditionals="8" coveredstatements="107"/>
            <class name="LIBORMarketModelCalibrationTest">
               <metrics coveredelements="121" complexity="17" methods="6" testruns="4" statements="108" coveredconditionals="8" coveredmethods="6" elements="122" testfailures="0" testduration="13986.363" conditionals="8" coveredstatements="107" testpasses="4"/>
            </class>
            <class name="LIBORMarketModelCalibrationTest.ProcessingUnit">
               <metrics coveredelements="0" coveredconditionals="0" complexity="0" coveredmethods="0" methods="0" elements="0" statements="0" conditionals="0" coveredstatements="0"/>
            </class>
            <line complexity="1" visibility="public" signature="data() : Collection&lt;Object[]&gt;" num="57" count="1" type="method"/>
            <line num="59" count="1" type="stmt"/>
            <line complexity="1" visibility="public" signature="LIBORMarketModelCalibrationTest(ProcessingUnit)" num="85" count="4" type="method"/>
            <line num="86" count="4" type="stmt"/>
            <line complexity="2" visibility="private" signature="createCalibrationItem(double,double,int,double,double,ForwardCurve,DiscountCurve) : CalibrationProduct" num="89" count="76" type="method"/>
            <line num="91" count="76" type="stmt"/>
            <line num="92" count="76" type="stmt"/>
            <line num="93" count="76" type="stmt"/>
            <line num="95" count="76" type="stmt"/>
            <line falsecount="76" truecount="1520" num="95" type="cond"/>
            <line num="96" count="1520" type="stmt"/>
            <line num="97" count="1520" type="stmt"/>
            <line num="98" count="1520" type="stmt"/>
            <line num="100" count="76" type="stmt"/>
            <line num="103" count="76" type="stmt"/>
            <line num="106" count="76" type="stmt"/>
            <line num="107" count="76" type="stmt"/>
            <line num="114" count="76" type="stmt"/>
            <line num="116" count="76" type="stmt"/>
            <line complexity="3" visibility="public" signature="cleanUp() : void" num="119" count="4" type="method"/>
            <line num="121" count="4" type="stmt"/>
            <line num="122" count="4" type="stmt"/>
            <line num="125" count="4" type="stmt"/>
            <line num="126" count="4" type="stmt"/>
            <line complexity="9" visibility="public" signature="testSwaptionSmileCalibration() : void" num="131" testsuccess="true" count="4" testduration="13642.848" type="method"/>
            <line num="133" count="4" type="stmt"/>
            <line num="138" count="4" type="stmt"/>
            <line num="140" count="4" type="stmt"/>
            <line num="144" count="4" type="stmt"/>
            <line num="148" count="4" type="stmt"/>
            <line num="151" count="4" type="stmt"/>
            <line num="158" count="4" type="stmt"/>
            <line num="163" count="4" type="stmt"/>
            <line num="165" count="4" type="stmt"/>
            <line num="166" count="4" type="stmt"/>
            <line num="168" count="4" type="stmt"/>
            <line num="169" count="4" type="stmt"/>
            <line num="171" count="4" type="stmt"/>
            <line falsecount="4" truecount="36" num="171" type="cond"/>
            <line num="172" count="36" type="stmt"/>
            <line num="173" count="36" type="stmt"/>
            <line num="174" count="36" type="stmt"/>
            <line num="176" count="36" type="stmt"/>
            <line num="179" count="4" type="stmt"/>
            <line num="180" count="4" type="stmt"/>
            <line num="182" count="4" type="stmt"/>
            <line falsecount="4" truecount="40" num="182" type="cond"/>
            <line num="184" count="40" type="stmt"/>
            <line num="185" count="40" type="stmt"/>
            <line num="186" count="40" type="stmt"/>
            <line num="188" count="40" type="stmt"/>
            <line num="198" count="4" type="stmt"/>
            <line num="199" count="4" type="stmt"/>
            <line num="204" count="4" type="stmt"/>
            <line num="205" count="4" type="stmt"/>
            <line num="206" count="4" type="stmt"/>
            <line num="211" count="4" type="stmt"/>
            <line num="212" count="4" type="stmt"/>
            <line num="213" count="4" type="stmt"/>
            <line num="214" count="1" type="stmt"/>
            <line num="215" count="1" type="stmt"/>
            <line num="216" count="1" type="stmt"/>
            <line num="217" count="1" type="stmt"/>
            <line num="218" count="1" type="stmt"/>
            <line num="219" count="1" type="stmt"/>
            <line num="220" count="1" type="stmt"/>
            <line num="221" count="1" type="stmt"/>
            <line num="222" count="1" type="stmt"/>
            <line num="223" count="1" type="stmt"/>
            <line num="224" count="1" type="stmt"/>
            <line num="225" count="1" type="stmt"/>
            <line num="226" count="1" type="stmt"/>
            <line num="227" count="0" type="stmt"/>
            <line num="228" count="1" type="stmt"/>
            <line num="229" count="1" type="stmt"/>
            <line num="230" count="1" type="stmt"/>
            <line num="233" count="4" type="stmt"/>
            <line num="234" count="4" type="stmt"/>
            <line num="237" count="4" type="stmt"/>
            <line num="239" count="4" type="stmt"/>
            <line num="241" count="4" type="stmt"/>
            <line num="244" count="4" type="stmt"/>
            <line num="247" count="4" type="stmt"/>
            <line num="250" count="4" type="stmt"/>
            <line num="253" count="4" type="stmt"/>
            <line num="254" count="4" type="stmt"/>
            <line num="255" count="4" type="stmt"/>
            <line num="256" count="4" type="stmt"/>
            <line num="257" count="4" type="stmt"/>
            <line num="259" count="4" type="stmt"/>
            <line num="270" count="4" type="stmt"/>
            <line num="271" count="4" type="stmt"/>
            <line num="273" count="4" type="stmt"/>
            <line num="274" count="32" type="stmt"/>
            <line num="277" count="4" type="stmt"/>
            <line num="278" count="4" type="stmt"/>
            <line num="281" count="4" type="stmt"/>
            <line num="282" count="4" type="stmt"/>
            <line num="283" count="4" type="stmt"/>
            <line num="284" count="4" type="stmt"/>
            <line falsecount="4" truecount="76" num="284" type="cond"/>
            <line num="285" count="76" type="stmt"/>
            <line num="286" count="76" type="stmt"/>
            <line num="287" count="76" type="stmt"/>
            <line num="288" count="60" type="stmt"/>
            <line num="289" count="60" type="stmt"/>
            <line num="290" count="60" type="stmt"/>
            <line num="291" count="60" type="stmt"/>
            <line num="292" count="60" type="stmt"/>
            <line num="298" count="4" type="stmt"/>
            <line num="299" count="4" type="stmt"/>
            <line num="300" count="4" type="stmt"/>
            <line num="301" count="4" type="stmt"/>
            <line num="303" count="4" type="stmt"/>
            <line num="305" count="4" type="stmt"/>
            <line num="307" count="4" type="stmt"/>
            <line complexity="1" visibility="private" signature="getParSwaprate(ForwardCurve,DiscountCurve,double[]) : double" num="310" count="76" type="method"/>
            <line num="311" count="76" type="stmt"/>
         </file>
      </package>
      <package name="net.finmath.montecarlo.assetderivativevaluation">
         <metrics coveredelements="48" complexity="17" loc="192" methods="6" classes="1" statements="52" coveredconditionals="0" coveredmethods="6" elements="58" ncloc="134" files="1" conditionals="0" coveredstatements="42"/>
         <file path="/Users/fries/Documents/Development/Repositories/finmath-lib-cuda-extensions/target/checkout/src/test/java/net/finmath/montecarlo/assetderivativevaluation/MonteCarloBlackScholesModelTest.java" name="MonteCarloBlackScholesModelTest.java">
            <metrics coveredelements="48" coveredconditionals="0" complexity="17" loc="192" coveredmethods="6" methods="6" elements="58" classes="1" ncloc="134" statements="52" conditionals="0" coveredstatements="42"/>
            <class name="MonteCarloBlackScholesModelTest">
               <metrics coveredelements="48" complexity="17" methods="6" testruns="3" statements="52" coveredconditionals="0" coveredmethods="6" elements="58" testfailures="0" testduration="3.992" conditionals="0" coveredstatements="42" testpasses="3"/>
            </class>
            <line complexity="1" visibility="public" signature="data() : Collection&lt;Object[]&gt;" num="47" count="1" type="method"/>
            <line num="49" count="1" type="stmt"/>
            <line complexity="4" visibility="package" signature="&lt;clinit&gt;, line 92()" num="92" count="1" type="method"/>
            <line num="93" count="1" type="stmt"/>
            <line num="93" count="1" type="stmt"/>
            <line num="94" count="1" type="stmt"/>
            <line num="94" count="1" type="stmt"/>
            <line num="95" count="1" type="stmt"/>
            <line num="95" count="1" type="stmt"/>
            <line complexity="1" visibility="public" signature="MonteCarloBlackScholesModelTest(String)" num="101" count="3" type="method"/>
            <line num="102" count="3" type="stmt"/>
            <line complexity="3" visibility="public" signature="cleanUp() : void" num="105" count="3" type="method"/>
            <line num="107" count="3" type="stmt"/>
            <line num="108" count="3" type="stmt"/>
            <line num="111" count="3" type="stmt"/>
            <line num="112" count="3" type="stmt"/>
            <line complexity="7" visibility="public" signature="setUp() : void" num="117" count="3" type="method"/>
            <line num="120" count="3" type="stmt"/>
            <line num="122" count="3" type="stmt"/>
            <line num="123" count="0" type="stmt"/>
            <line num="124" count="0" type="stmt"/>
            <line num="125" count="0" type="stmt"/>
            <line num="127" count="0" type="stmt"/>
            <line num="128" count="1" type="stmt"/>
            <line num="130" count="1" type="stmt"/>
            <line num="131" count="1" type="stmt"/>
            <line num="132" count="0" type="stmt"/>
            <line num="133" count="0" type="stmt"/>
            <line num="134" count="0" type="stmt"/>
            <line num="135" count="1" type="stmt"/>
            <line num="137" count="1" type="stmt"/>
            <line num="138" count="1" type="stmt"/>
            <line num="139" count="1" type="stmt"/>
            <line num="141" count="1" type="stmt"/>
            <line num="142" count="1" type="stmt"/>
            <line num="143" count="0" type="stmt"/>
            <line num="144" count="0" type="stmt"/>
            <line num="150" count="0" type="stmt"/>
            <line complexity="1" visibility="public" signature="testProductImplementation() : void" num="154" testsuccess="true" count="3" testduration="0.554" type="method"/>
            <line num="156" count="3" type="stmt"/>
            <line num="159" count="3" type="stmt"/>
            <line num="162" count="3" type="stmt"/>
            <line num="165" count="3" type="stmt"/>
            <line num="166" count="3" type="stmt"/>
            <line num="171" count="3" type="stmt"/>
            <line num="173" count="3" type="stmt"/>
            <line num="174" count="3" type="stmt"/>
            <line num="175" count="3" type="stmt"/>
            <line num="177" count="3" type="stmt"/>
            <line num="178" count="3" type="stmt"/>
            <line num="180" count="3" type="stmt"/>
            <line num="182" count="3" type="stmt"/>
            <line num="184" count="3" type="stmt"/>
            <line num="185" count="3" type="stmt"/>
            <line num="186" count="3" type="stmt"/>
            <line num="187" count="3" type="stmt"/>
            <line num="188" count="3" type="stmt"/>
            <line num="190" count="3" type="stmt"/>
         </file>
      </package>
   </testproject>
</coverage>